2016-08-25 19:08:15,252 - INFO - static folder : D:\Development\Project\workspace\SVNViewer\app\config\static
2016-08-25 19:08:15,252 - INFO - template folder : templates
2016-08-25 19:08:15,720 - INFO - static folder : D:\Development\Project\workspace\SVNViewer\app\config\static
2016-08-25 19:08:15,720 - INFO - template folder : templates
2016-08-25 19:08:26,375 - INFO - static folder : D:\Development\Project\workspace\SVNViewer\app\config\static
2016-08-25 19:08:26,375 - INFO - template folder : templates
2016-08-25 19:08:26,760 - INFO - static folder : D:\Development\Project\workspace\SVNViewer\app\config\static
2016-08-25 19:08:26,762 - INFO - template folder : templates
2016-08-25 19:08:41,767 - INFO - static folder : D:\Development\Project\workspace\SVNViewer\app\config\static
2016-08-25 19:08:41,769 - INFO - template folder : templates
2016-08-25 19:08:42,177 - INFO - static folder : D:\Development\Project\workspace\SVNViewer\app\config\static
2016-08-25 19:08:42,178 - INFO - template folder : templates
2016-08-25 19:09:31,127 - INFO - static folder : D:\Development\Project\workspace\SVNViewer\app\config\static
2016-08-25 19:09:31,128 - INFO - template folder : templates
2016-08-25 19:09:41,164 - INFO - static folder : D:\Development\Project\workspace\SVNViewer\app\config\static
2016-08-25 19:09:41,164 - INFO - template folder : ../templates
2016-08-25 19:09:44,803 - INFO - static folder : D:\Development\Project\workspace\SVNViewer\app\config\../static
2016-08-25 19:09:44,805 - INFO - template folder : ../templates
2016-08-25 19:09:47,846 - INFO - static folder : D:\Development\Project\workspace\SVNViewer\app\config\../static
2016-08-25 19:09:47,848 - INFO - template folder : ../templates
2016-08-25 19:09:48,250 - INFO - static folder : D:\Development\Project\workspace\SVNViewer\app\config\../static
2016-08-25 19:09:48,250 - INFO - template folder : ../templates
2016-08-25 19:10:04,233 - INFO - static folder : D:\Development\Project\workspace\SVNViewer\app\config\../static
2016-08-25 19:10:04,234 - INFO - template folder : ../templates
2016-08-25 19:10:13,451 - INFO - static folder : D:\Development\Project\workspace\SVNViewer\app\config\../static
2016-08-25 19:10:13,451 - INFO - template folder : ../templates
2016-08-25 19:10:13,832 - INFO - static folder : D:\Development\Project\workspace\SVNViewer\app\config\../static
2016-08-25 19:10:13,834 - INFO - template folder : ../templates
2016-08-25 19:10:27,089 - INFO - static folder : D:\Development\Project\workspace\SVNViewer\app\config\../static
2016-08-25 19:10:27,091 - INFO - template folder : ../templates
2016-08-25 19:10:27,482 - INFO - static folder : D:\Development\Project\workspace\SVNViewer\app\config\../static
2016-08-25 19:10:27,483 - INFO - template folder : ../templates
2016-08-25 19:13:17,147 - INFO - static folder : D:\Development\Project\workspace\SVNViewer\app\config\../static
2016-08-25 19:13:17,147 - INFO - template folder : ../templates
2016-08-25 19:13:22,486 - INFO - static folder : D:\Development\Project\workspace\SVNViewer\app\config\../static
2016-08-25 19:13:22,487 - INFO - template folder : ../templates
2016-08-25 19:14:41,437 - INFO - static folder : D:\Development\Project\workspace\SVNViewer\app\config\../static
2016-08-25 19:14:41,437 - INFO - template folder : ../templates
2016-08-25 19:15:33,595 - INFO - static folder : D:\Development\Project\workspace\SVNViewer\app\config\../static
2016-08-25 19:15:33,595 - INFO - template folder : ../templates
2016-08-25 19:15:33,982 - INFO - static folder : D:\Development\Project\workspace\SVNViewer\app\config\../static
2016-08-25 19:15:33,982 - INFO - template folder : ../templates
2016-08-25 19:16:41,236 - INFO - static folder : D:\Development\Project\workspace\SVNViewer\app\config\../static
2016-08-25 19:16:41,237 - INFO - template folder : ..	emplates
2016-08-25 19:16:43,812 - INFO - static folder : D:\Development\Project\workspace\SVNViewer\app\config\../static
2016-08-25 19:16:43,812 - INFO - template folder : templates
2016-08-25 19:16:46,427 - INFO - static folder : D:\Development\Project\workspace\SVNViewer\app\config\static
2016-08-25 19:16:46,427 - INFO - template folder : templates
2016-08-25 19:16:52,247 - INFO - static folder : D:\Development\Project\workspace\SVNViewer\app\config\static
2016-08-25 19:16:52,247 - INFO - template folder : ..	emplates
2016-08-25 19:16:57,069 - INFO - static folder : D:\Development\Project\workspace\SVNViewer\app\config\..\static
2016-08-25 19:16:57,071 - INFO - template folder : ..	emplates
2016-08-25 19:17:02,796 - INFO - static folder : D:\Development\Project\workspace\SVNViewer\app\config\..\static
2016-08-25 19:17:02,801 - INFO - template folder : ..\templates
2016-08-25 19:17:22,367 - INFO - static folder : D:\Development\Project\workspace\SVNViewer\app\config\..\static
2016-08-25 19:17:22,368 - INFO - template folder : ..\templates
2016-08-25 19:17:30,358 - INFO - static folder : D:\Development\Project\workspace\SVNViewer\app\config\..\static
2016-08-25 19:17:30,362 - INFO - template folder : ..\templates
2016-08-25 19:17:42,650 - INFO - static folder : D:\Development\Project\workspace\SVNViewer\app\config\..\static
2016-08-25 19:17:42,651 - INFO - template folder : ..\templates
2016-08-25 19:17:50,411 - INFO - static folder : D:\Development\Project\workspace\SVNViewer\app\config\..\static
2016-08-25 19:17:50,411 - INFO - template folder : ..\templates
2016-08-25 19:17:57,226 - INFO - static folder : D:\Development\Project\workspace\SVNViewer\app\config\..\static
2016-08-25 19:17:57,227 - INFO - template folder : ..\templates
2016-08-25 19:18:25,318 - INFO - static folder : D:\Development\Project\workspace\SVNViewer\app\config\..\static
2016-08-25 19:18:25,319 - INFO - template folder : ..\templates
2016-08-25 19:19:12,757 - INFO - static folder : D:\Development\Project\workspace\SVNViewer\app\config\..\static
2016-08-25 19:19:12,763 - INFO - template folder : ..\templates
2016-08-25 19:19:25,746 - INFO - static folder : D:\Development\Project\workspace\SVNViewer\app\config\..\static
2016-08-25 19:19:25,747 - INFO - template folder : ..\templates
2016-08-25 19:25:59,953 - INFO - static folder : D:\Development\Project\workspace\SVNViewer\app\config\..\static
2016-08-25 19:25:59,954 - INFO - template folder : ..\templates
2016-08-25 19:26:04,671 - INFO - static folder : D:\Development\Project\workspace\SVNViewer\app\config\..\static
2016-08-25 19:26:04,673 - INFO - template folder : ..\templates
2016-08-25 19:27:07,417 - INFO - static folder : D:\Development\Project\workspace\SVNViewer\app\config\..\static
2016-08-25 19:27:07,417 - INFO - template folder : ..\templates
2016-08-25 19:34:35,042 - INFO - static folder : D:\Development\Project\workspace\SVNViewer\app\config\..\static
2016-08-25 19:34:35,042 - INFO - template folder : ..\templates
2016-08-25 19:35:33,569 - INFO - static folder : D:\Development\Project\workspace\SVNViewer\app\config\..\static
2016-08-25 19:35:33,569 - INFO - template folder : ..\templates
2016-08-25 19:35:33,999 - INFO - static folder : D:\Development\Project\workspace\SVNViewer\app\config\..\static
2016-08-25 19:35:34,000 - INFO - template folder : ..\templates
2016-08-25 19:47:36,134 - INFO - static folder : D:\Development\Project\workspace\SVNViewer\app\config\..\static
2016-08-25 19:47:36,134 - INFO - template folder : ..\templates
2016-08-25 19:47:56,267 - INFO - static folder : D:\Development\Project\workspace\SVNViewer\app\config\..\static
2016-08-25 19:47:56,269 - INFO - template folder : ..\templates
2016-08-25 19:48:08,426 - INFO - static folder : D:\Development\Project\workspace\SVNViewer\app\config\..\static
2016-08-25 19:48:08,426 - INFO - template folder : ..\templates
2016-08-25 19:48:21,055 - INFO - static folder : D:\Development\Project\workspace\SVNViewer\app\config\..\static
2016-08-25 19:48:21,055 - INFO - template folder : ..\templates
2016-08-25 19:48:52,928 - INFO - static folder : D:\Development\Project\workspace\SVNViewer\app\config\..\static
2016-08-25 19:48:52,930 - INFO - template folder : ..\templates
2016-08-25 19:51:22,193 - INFO - static folder : D:\Development\Project\workspace\SVNViewer\app\config\..\static
2016-08-25 19:51:22,194 - INFO - template folder : ..\templates
2016-08-25 20:00:16,739 - INFO - static folder : D:\Development\Project\workspace\SVNViewer\app\config\..\static
2016-08-25 20:00:16,739 - INFO - template folder : ..\templates
2016-08-25 20:05:22,151 - INFO - static folder : D:\Development\Project\workspace\SVNViewer\app\config\..\static
2016-08-25 20:05:22,151 - INFO - template folder : ..\templates
2016-08-25 20:05:32,292 - INFO - static folder : D:\Development\Project\workspace\SVNViewer\app\config\..\static
2016-08-25 20:05:32,292 - INFO - template folder : ..\templates
2016-08-25 20:06:44,180 - INFO - static folder : D:\Development\Project\workspace\SVNViewer\app\config\..\static
2016-08-25 20:06:44,180 - INFO - template folder : ..\templates
2016-08-25 20:06:44,640 - INFO - static folder : D:\Development\Project\workspace\SVNViewer\app\config\..\static
2016-08-25 20:06:44,641 - INFO - template folder : ..\templates
2016-08-25 20:06:57,884 - INFO - static folder : D:\Development\Project\workspace\SVNViewer\app\config\..\static
2016-08-25 20:06:57,884 - INFO - template folder : ..\templates
2016-08-25 20:07:35,368 - INFO - static folder : D:\Development\Project\workspace\SVNViewer\app\config\..\static
2016-08-25 20:07:35,368 - INFO - template folder : ..\templates
2016-08-25 20:07:35,757 - INFO - static folder : D:\Development\Project\workspace\SVNViewer\app\config\..\static
2016-08-25 20:07:35,757 - INFO - template folder : ..\templates
2016-08-25 20:09:04,631 - INFO - static folder : D:\Development\Project\workspace\SVNViewer\app\config\..\static
2016-08-25 20:09:04,632 - INFO - template folder : ..\templates
2016-08-25 20:09:05,023 - INFO - static folder : D:\Development\Project\workspace\SVNViewer\app\config\..\static
2016-08-25 20:09:05,023 - INFO - template folder : ..\templates
